2025-11-23 09:43:35,951 [INFO] WebApp:194 - Connection lost
2025-11-23 09:43:44,495 [INFO] WebApp:191 - Connection restablished
2025-11-23 12:15:50,070 [INFO] UtilMem:75 - End SaveConfig() Used Memory: 788467056 Bytes (1073741824)
2025-11-23 12:15:52,166 [INFO] UtilMem:75 - End SaveConfig() Used Memory: 825600744 Bytes (1073741824)
2025-11-23 12:15:54,527 [INFO] UtilMem:75 - End SaveConfig() Used Memory: 810006248 Bytes (1073741824)
2025-11-23 12:15:55,543 [INFO] BlockDiagram:2775 - set Specific Code input for plugin: RCC
2025-11-23 12:15:55,543 [INFO] BlockDiagram:2775 - set Specific Code input for plugin: USART
2025-11-23 12:15:55,543 [INFO] BlockDiagram:2775 - set Specific Code input for plugin: MEMORYMAP
2025-11-23 12:15:55,543 [INFO] BlockDiagram:2775 - set Specific Code input for plugin: SYS
2025-11-23 12:15:55,543 [INFO] BlockDiagram:2775 - set Specific Code input for plugin: ADC
2025-11-23 12:15:55,543 [INFO] BlockDiagram:2775 - set Specific Code input for plugin: NVIC
2025-11-23 12:15:55,544 [INFO] BlockDiagram:2775 - set Specific Code input for plugin: CORTEX_M7
2025-11-23 12:15:55,545 [INFO] BlockDiagram:2775 - set Specific Code input for plugin: GPIO
2025-11-23 12:15:55,547 [INFO] CodeGenerator:892 - code generatio: config db path: E:\STM32STUFF\stmSystem\STM32CubeIDE_1.18.1\STM32CubeIDE\plugins\com.st.stm32cube.common.mx_6.15.0.202507011659\\db\
2025-11-23 12:15:55,734 [INFO] CodeEngine:265 - oldGeneratedFile, E:\STM32STUFF\dataAndCommExperiments\schoolPotProject\MXTmpFiles\license.tmp_save
2025-11-23 12:15:56,002 [INFO] CodeEngine:289 - Generated code: E:\STM32STUFF\dataAndCommExperiments\schoolPotProject\MXTmpFiles\license.tmp
2025-11-23 12:15:56,046 [INFO] CodeEngine:265 - oldGeneratedFile, E:\STM32STUFF\dataAndCommExperiments\schoolPotProject\MXTmpFiles\gpio.tmp_save
2025-11-23 12:15:56,198 [INFO] CodeEngine:289 - Generated code: E:\STM32STUFF\dataAndCommExperiments\schoolPotProject\MXTmpFiles\gpio.tmp
2025-11-23 12:15:56,310 [WARN] IPConfigManager:103 - WARNING: Missing Config File for MEMORYMAP ip!!
2025-11-23 12:15:56,402 [INFO] CodeEngine:265 - oldGeneratedFile, E:\STM32STUFF\dataAndCommExperiments\schoolPotProject\MXTmpFiles\cortex.tmp_save
2025-11-23 12:15:56,581 [INFO] CodeEngine:289 - Generated code: E:\STM32STUFF\dataAndCommExperiments\schoolPotProject\MXTmpFiles\cortex.tmp
2025-11-23 12:15:56,610 [INFO] CodeEngine:265 - oldGeneratedFile, E:\STM32STUFF\dataAndCommExperiments\schoolPotProject\Core\Src\stm32h7xx_it.c_save
2025-11-23 12:15:56,952 [INFO] CodeEngine:289 - Generated code: E:\STM32STUFF\dataAndCommExperiments\schoolPotProject\Core\Src\stm32h7xx_it.c
2025-11-23 12:15:56,960 [INFO] CodeEngine:265 - oldGeneratedFile, E:\STM32STUFF\dataAndCommExperiments\schoolPotProject\Core\Inc\stm32h7xx_it.h_save
2025-11-23 12:15:57,067 [INFO] CodeEngine:289 - Generated code: E:\STM32STUFF\dataAndCommExperiments\schoolPotProject\Core\Inc\stm32h7xx_it.h
2025-11-23 12:15:57,124 [INFO] CodeEngine:265 - oldGeneratedFile, E:\STM32STUFF\dataAndCommExperiments\schoolPotProject\Core\Src\stm32h7xx_hal_msp.c_save
2025-11-23 12:15:57,323 [INFO] CodeEngine:289 - Generated code: E:\STM32STUFF\dataAndCommExperiments\schoolPotProject\Core\Src\stm32h7xx_hal_msp.c
2025-11-23 12:15:57,330 [INFO] CodeEngine:265 - oldGeneratedFile, E:\STM32STUFF\dataAndCommExperiments\schoolPotProject\MXTmpFiles\system.tmp_save
2025-11-23 12:15:57,433 [INFO] CodeEngine:289 - Generated code: E:\STM32STUFF\dataAndCommExperiments\schoolPotProject\MXTmpFiles\system.tmp
2025-11-23 12:15:57,450 [INFO] CodeEngine:321 - oldGeneratedFile, E:\STM32STUFF\dataAndCommExperiments\schoolPotProject\Core\Inc\stm32h7xx_hal_conf.h_save
2025-11-23 12:15:57,572 [INFO] CodeEngine:345 - Generated code: E:\STM32STUFF\dataAndCommExperiments\schoolPotProject\Core\Inc\stm32h7xx_hal_conf.h
2025-11-23 12:15:57,615 [INFO] CodeEngine:265 - oldGeneratedFile, E:\STM32STUFF\dataAndCommExperiments\schoolPotProject\Core\Inc\main.h_save
2025-11-23 12:15:57,764 [INFO] CodeEngine:289 - Generated code: E:\STM32STUFF\dataAndCommExperiments\schoolPotProject\Core\Inc\main.h
2025-11-23 12:15:57,774 [INFO] CodeEngine:265 - oldGeneratedFile, E:\STM32STUFF\dataAndCommExperiments\schoolPotProject\Core\Src\main.c_save
2025-11-23 12:15:57,949 [INFO] CodeEngine:289 - Generated code: E:\STM32STUFF\dataAndCommExperiments\schoolPotProject\Core\Src\main.c
2025-11-23 12:15:58,765 [INFO] ProjectBuilder:3606 - Time for Copy HAL[1] : 530mS.
2025-11-23 12:15:58,776 [INFO] ProjectBuilder:5216 - Project Generator version: 4.7.0-B52
2025-11-23 12:15:58,919 [INFO] ConfigFileManager:1595 - The Die is : DIE483
2025-11-23 12:16:00,299 [INFO] ProjectBuilder:5496 - Time for Generating toolchain IDE Files: 1522mS.
2025-11-23 12:16:00,300 [INFO] ProjectBuilder:3463 - Time for Copy CMSIS : 1mS.
2025-11-23 12:16:00,303 [INFO] ProjectBuilder:3463 - Time for Copy CMSIS : 0mS.
